Starting HPC Gap Analysis for H2O
Job ID: 15700804
Node: d1cmp002
Started at: Wed Sep 17 15:25:12 EDT 2025
WARNING: Symmer not available, using fallback
Processing molecule: H2O
==================================
PAULI HAMILTONIAN CLUSTER ANALYSIS
==================================================
Using Symmer to read pre-generated Pauli Hamiltonians
✓ Found H2O_pauli_hamiltonian.json: 14 qubits, 22 terms
✓ Found H2_pauli_hamiltonian.json: 4 qubits, 3 terms
✓ Found H4_pauli_hamiltonian.json: 8 qubits, 9 terms
✓ Found H6_pauli_hamiltonian.json: 12 qubits, 36 terms
✓ Found H8_pauli_hamiltonian.json: 16 qubits, 48 terms
✓ Found N2_pauli_hamiltonian.json: 20 qubits, 23 terms
Running FULL analysis
Available molecules: ['H2O', 'H2', 'H4', 'H6', 'H8', 'N2']
Processing molecules: ['H2O']
Processes: 1

✓ Found 1 molecules to process
Starting analysis with 1 processes...
Test mode: False
Molecules: ['H2O']

Processing H2O...
Loaded Pauli Hamiltonian for H2O: 14 qubits, 22 terms
  Using sparse matrix for large system: (16384, 16384)
  Sparsity: 131072/268435456 = 0.000488
  Hamiltonian matrix shape: (16384, 16384)
  Using bond dimensions: [1, 2, 3, 4, 5, 6, 7, 8, 9, 10]
  Computing 5 lowest eigenvalues...
    Sparse eigensolver successful: found 5 eigenvalues
  Performing SVD-based MPS decomposition for 14 qubits...
    Sparse system detected (16384x16384) - using sparse eigensolver
    Ground state energy from sparse solver: -62.930820
    Bond dimension: 1
      Overlap with exact: 0.600000
    Bond dimension: 2
      Overlap with exact: 0.700000
    Bond dimension: 3
      Overlap with exact: 0.800000
    Bond dimension: 4
      Overlap with exact: 0.900000
    Bond dimension: 5
      Overlap with exact: 1.000000
    Bond dimension: 6
      Overlap with exact: 1.000000
    Bond dimension: 7
      Overlap with exact: 1.000000
    Bond dimension: 8
      Overlap with exact: 1.000000
    Bond dimension: 9
      Overlap with exact: 1.000000
    Bond dimension: 10
      Overlap with exact: 1.000000
  ✓ H2O processed successfully

==================================================
MOLECULAR PROCESSING COMPLETE
Successful: 1/1

Starting adiabatic gap analysis...
Processing gap analysis for H2O
Error processing gap analysis for H2O: [Errno 2] No such file or directory: 'H2O_hamiltonian.txt'

==================================================
PAULI HAMILTONIAN ANALYSIS COMPLETE
Total time: 0.59 seconds
Results saved to: pauli_analysis_results.json
✓ H2O completed successfully at: Wed Sep 17 15:25:34 EDT 2025
Results saved to: H2O_results/H2O_results.json
Job finished at: Wed Sep 17 15:25:34 EDT 2025
