Starting HPC Gap Analysis for H8
Job ID: 15700808
Node: d1cmp010
Started at: Wed Sep 17 15:25:12 EDT 2025
WARNING: Symmer not available, using fallback
Processing molecule: H8
==================================
PAULI HAMILTONIAN CLUSTER ANALYSIS
==================================================
Using Symmer to read pre-generated Pauli Hamiltonians
✓ Found H2O_pauli_hamiltonian.json: 14 qubits, 22 terms
✓ Found H2_pauli_hamiltonian.json: 4 qubits, 3 terms
✓ Found H4_pauli_hamiltonian.json: 8 qubits, 9 terms
✓ Found H6_pauli_hamiltonian.json: 12 qubits, 36 terms
✓ Found H8_pauli_hamiltonian.json: 16 qubits, 48 terms
✓ Found N2_pauli_hamiltonian.json: 20 qubits, 23 terms
Running FULL analysis
Available molecules: ['H2O', 'H2', 'H4', 'H6', 'H8', 'N2']
Processing molecules: ['H8']
Processes: 1

✓ Found 1 molecules to process
Starting analysis with 1 processes...
Test mode: False
Molecules: ['H8']

Processing H8...
Loaded Pauli Hamiltonian for H8: 16 qubits, 48 terms
  Using sparse matrix for large system: (65536, 65536)
  Sparsity: 589824/4294967296 = 0.000137
  Hamiltonian matrix shape: (65536, 65536)
  Using bond dimensions: [1, 2, 3, 4, 5, 6, 7, 8, 9, 10]
  Computing 5 lowest eigenvalues...
    Sparse eigensolver successful: found 5 eigenvalues
  Performing SVD-based MPS decomposition for 16 qubits...
    Sparse system detected (65536x65536) - using sparse eigensolver
    Ground state energy from sparse solver: -4.032577
    Bond dimension: 1
      Overlap with exact: 0.600000
    Bond dimension: 2
      Overlap with exact: 0.700000
    Bond dimension: 3
      Overlap with exact: 0.800000
    Bond dimension: 4
      Overlap with exact: 0.900000
    Bond dimension: 5
      Overlap with exact: 1.000000
    Bond dimension: 6
      Overlap with exact: 1.000000
    Bond dimension: 7
      Overlap with exact: 1.000000
    Bond dimension: 8
      Overlap with exact: 1.000000
    Bond dimension: 9
      Overlap with exact: 1.000000
    Bond dimension: 10
      Overlap with exact: 1.000000
  ✓ H8 processed successfully

==================================================
MOLECULAR PROCESSING COMPLETE
Successful: 1/1

Starting adiabatic gap analysis...
Processing gap analysis for H8
Error processing gap analysis for H8: [Errno 2] No such file or directory: 'H8_meanfield.txt'

==================================================
PAULI HAMILTONIAN ANALYSIS COMPLETE
Total time: 6.09 seconds
Results saved to: pauli_analysis_results.json
✓ H8 completed successfully at: Wed Sep 17 15:25:42 EDT 2025
Results saved to: H8_results/H8_results.json
Job finished at: Wed Sep 17 15:25:42 EDT 2025
